00000000 debuglog.c:291:DebugLogSetLevel() debug level=debug
00000178 debuglog.c:312:DebugLogSetCategory() Debug options: APDU
[36m00000017[0m [34mpcscdaemon.c:268:main() Force colored logs[0m
[36m00000383[0m configfile.l:283:DBGetReaderListDir() Parsing conf directory: /etc/reader.conf.d
[36m00000058[0m configfile.l:317:DBGetReaderListDir() Skipping non regular file: ..
[36m00000012[0m configfile.l:317:DBGetReaderListDir() Skipping non regular file: .
[36m00000010[0m configfile.l:355:DBGetReaderList() Parsing conf file: /etc/reader.conf.d/libccidtwin
[36m00000128[0m [34mpcscdaemon.c:569:main() pcsc-lite 1.8.14 daemon ready.[0m
[36m00007315[0m hotplug_libudev.c:296:get_driver() Looking for a driver for VID: 0x1D6B, PID: 0x0002, path: /dev/bus/usb/001/001
[36m00000217[0m hotplug_libudev.c:296:get_driver() Looking for a driver for VID: 0x1D6B, PID: 0x0002, path: /dev/bus/usb/001/001
[36m00000216[0m hotplug_libudev.c:296:get_driver() Looking for a driver for VID: 0x1050, PID: 0x0407, path: /dev/bus/usb/001/008
[36m00000017[0m [34mhotplug_libudev.c:435:HPAddDevice() Adding USB device: Yubico Yubikey 4 OTP+U2F+CCID[0m
[36m00000081[0m [34mreaderfactory.c:1012:RFInitializeReader() Attempting startup of Yubico Yubikey 4 OTP+U2F+CCID 00 00 using /usr/lib/pcsc/drivers/ifd-ccid.bundle/Contents/Linux/libccid.so[0m
[36m00000368[0m [34mreaderfactory.c:897:RFBindFunctions() Loading IFD Handler 3.0[0m
[36m00000051[0m [34mifdhandler.c:1950:init_driver() Driver version: 1.4.22[0m
[36m00001201[0m [34mifdhandler.c:1967:init_driver() LogLevel: 0x0003[0m
[36m00000017[0m [34mifdhandler.c:1978:init_driver() DriverOptions: 0x0000[0m
[36m00000295[0m [34mifdhandler.c:110:CreateChannelByNameOrChannel() Lun: 0, device: usb:1050/0407:libudev:0:/dev/bus/usb/001/008[0m
[36m00000026[0m [34mccid_usb.c:284:OpenUSBByName() Using: /usr/lib/pcsc/drivers/ifd-ccid.bundle/Contents/Info.plist[0m
[36m00001243[0m [34mccid_usb.c:302:OpenUSBByName() ifdManufacturerString: Ludovic Rousseau (ludovic.rousseau@free.fr)[0m
[36m00000019[0m [34mccid_usb.c:303:OpenUSBByName() ifdProductString: Generic CCID driver[0m
[36m00000010[0m [34mccid_usb.c:304:OpenUSBByName() Copyright: This driver is protected by terms of the GNU Lesser General Public License version 2.1, or (at your option) any later version.[0m
[36m00006428[0m [34mccid_usb.c:587:OpenUSBByName() Found interface 2 but expecting 0[0m
[36m00000032[0m [34mccid_usb.c:589:OpenUSBByName() Wrong interface for USB device 1/8. Checking next one.[0m
[36m00000070[0m [34mccid_usb.c:186:close_libusb_if_needed() libusb_exit[0m
[36m00000179[0m [34mccid_usb.c:732:OpenUSBByName() Device not found?[0m
[36m00000013[0m [01;31mifdhandler.c:144:CreateChannelByNameOrChannel() failed[0m
[36m00000014[0m [01;31mreaderfactory.c:1043:RFInitializeReader() Open Port 0x200000 Failed (usb:1050/0407:libudev:0:/dev/bus/usb/001/008)[0m
[36m00000008[0m [35mreaderfactory.c:335:RFAddReader() Yubico Yubikey 4 OTP+U2F+CCID init failed.[0m
[36m00000014[0m readerfactory.c:558:RFRemoveReader() UnrefReader() count was: 1
[36m00000008[0m [34mreaderfactory.c:1063:RFUnInitializeReader() Attempting shutdown of Yubico Yubikey 4 OTP+U2F+CCID 00 00.[0m
[36m00000008[0m [34mreaderfactory.c:934:RFUnloadReader() Unloading reader driver.[0m
[36m00000313[0m hotplug_libudev.c:296:get_driver() Looking for a driver for VID: 0x1050, PID: 0x0407, path: /dev/bus/usb/001/008
[36m00000019[0m [34mhotplug_libudev.c:435:HPAddDevice() Adding USB device: Yubico Yubikey 4 OTP+U2F+CCID[0m
[36m00000068[0m [34mreaderfactory.c:1012:RFInitializeReader() Attempting startup of Yubico Yubikey 4 OTP+U2F+CCID 00 00 using /usr/lib/pcsc/drivers/ifd-ccid.bundle/Contents/Linux/libccid.so[0m
[36m00000264[0m [34mreaderfactory.c:897:RFBindFunctions() Loading IFD Handler 3.0[0m
[36m00000043[0m [34mifdhandler.c:1950:init_driver() Driver version: 1.4.22[0m
[36m00001199[0m [34mifdhandler.c:1967:init_driver() LogLevel: 0x0003[0m
[36m00000019[0m [34mifdhandler.c:1978:init_driver() DriverOptions: 0x0000[0m
[36m00000330[0m [34mifdhandler.c:110:CreateChannelByNameOrChannel() Lun: 0, device: usb:1050/0407:libudev:1:/dev/bus/usb/001/008[0m
[36m00000023[0m [34mccid_usb.c:284:OpenUSBByName() Using: /usr/lib/pcsc/drivers/ifd-ccid.bundle/Contents/Info.plist[0m
[36m00001148[0m [34mccid_usb.c:302:OpenUSBByName() ifdManufacturerString: Ludovic Rousseau (ludovic.rousseau@free.fr)[0m
[36m00000013[0m [34mccid_usb.c:303:OpenUSBByName() ifdProductString: Generic CCID driver[0m
[36m00000009[0m [34mccid_usb.c:304:OpenUSBByName() Copyright: This driver is protected by terms of the GNU Lesser General Public License version 2.1, or (at your option) any later version.[0m
[36m00005854[0m [34mccid_usb.c:587:OpenUSBByName() Found interface 2 but expecting 1[0m
[36m00000025[0m [34mccid_usb.c:589:OpenUSBByName() Wrong interface for USB device 1/8. Checking next one.[0m
[36m00000060[0m [34mccid_usb.c:186:close_libusb_if_needed() libusb_exit[0m
[36m00000130[0m [34mccid_usb.c:732:OpenUSBByName() Device not found?[0m
[36m00000012[0m [01;31mifdhandler.c:144:CreateChannelByNameOrChannel() failed[0m
[36m00000012[0m [01;31mreaderfactory.c:1043:RFInitializeReader() Open Port 0x200001 Failed (usb:1050/0407:libudev:1:/dev/bus/usb/001/008)[0m
[36m00000008[0m [35mreaderfactory.c:335:RFAddReader() Yubico Yubikey 4 OTP+U2F+CCID init failed.[0m
[36m00000009[0m readerfactory.c:558:RFRemoveReader() UnrefReader() count was: 1
[36m00000008[0m [34mreaderfactory.c:1063:RFUnInitializeReader() Attempting shutdown of Yubico Yubikey 4 OTP+U2F+CCID 00 00.[0m
[36m00000007[0m [34mreaderfactory.c:934:RFUnloadReader() Unloading reader driver.[0m
[36m00000288[0m hotplug_libudev.c:296:get_driver() Looking for a driver for VID: 0x1050, PID: 0x0407, path: /dev/bus/usb/001/008
[36m00000018[0m [34mhotplug_libudev.c:435:HPAddDevice() Adding USB device: Yubico Yubikey 4 OTP+U2F+CCID[0m
[36m00000068[0m [34mreaderfactory.c:1012:RFInitializeReader() Attempting startup of Yubico Yubikey 4 OTP+U2F+CCID 00 00 using /usr/lib/pcsc/drivers/ifd-ccid.bundle/Contents/Linux/libccid.so[0m
[36m00000250[0m [34mreaderfactory.c:897:RFBindFunctions() Loading IFD Handler 3.0[0m
[36m00000042[0m [34mifdhandler.c:1950:init_driver() Driver version: 1.4.22[0m
[36m00001140[0m [34mifdhandler.c:1967:init_driver() LogLevel: 0x0003[0m
[36m00000016[0m [34mifdhandler.c:1978:init_driver() DriverOptions: 0x0000[0m
[36m00000303[0m [34mifdhandler.c:110:CreateChannelByNameOrChannel() Lun: 0, device: usb:1050/0407:libudev:2:/dev/bus/usb/001/008[0m
[36m00000022[0m [34mccid_usb.c:284:OpenUSBByName() Using: /usr/lib/pcsc/drivers/ifd-ccid.bundle/Contents/Info.plist[0m
[36m00001135[0m [34mccid_usb.c:302:OpenUSBByName() ifdManufacturerString: Ludovic Rousseau (ludovic.rousseau@free.fr)[0m
[36m00000013[0m [34mccid_usb.c:303:OpenUSBByName() ifdProductString: Generic CCID driver[0m
[36m00000009[0m [34mccid_usb.c:304:OpenUSBByName() Copyright: This driver is protected by terms of the GNU Lesser General Public License version 2.1, or (at your option) any later version.[0m
[36m00005147[0m [34mccid_usb.c:609:OpenUSBByName() Found Vendor/Product: 1050/0407 (Yubico Yubikey 4 OTP+U2F+CCID)[0m
[36m00000023[0m [34mccid_usb.c:611:OpenUSBByName() Using USB bus/device: 1/8[0m
[36m00000009[0m [34mccid_usb.c:663:OpenUSBByName() bNumDataRatesSupported is 0[0m
[36m00100994[0m [34mifdhandler.c:376:IFDHGetCapabilities() tag: 0xFB3, usb:1050/0407:libudev:2:/dev/bus/usb/001/008 (lun: 0)[0m
[36m00000052[0m [34mreaderfactory.c:355:RFAddReader() Using the reader polling thread[0m
[36m00000233[0m [34mifdhandler.c:376:IFDHGetCapabilities() tag: 0xFAE, usb:1050/0407:libudev:2:/dev/bus/usb/001/008 (lun: 0)[0m
[36m00000030[0m [34mifdhandler.c:467:IFDHGetCapabilities() Reader supports 1 slot(s)[0m
[36m00000372[0m [34mifdhandler.c:1143:IFDHPowerICC() action: PowerUp, usb:1050/0407:libudev:2:/dev/bus/usb/001/008 (lun: 0)[0m
[36m00000205[0m eventhandler.c:288:EHStatusHandlerThread() powerState: POWER_STATE_POWERED
[36m00000066[0m [34mCard ATR: 3B F8 13 00 00 81 31 FE 15 59 75 62 69 6B 65 79 34 D4 [0m
[36m00000021[0m hotplug_libudev.c:296:get_driver() Looking for a driver for VID: 0x1D6B, PID: 0x0002, path: /dev/bus/usb/001/001
[36m00000375[0m hotplug_libudev.c:296:get_driver() Looking for a driver for VID: 0x0A5C, PID: 0x4500, path: /dev/bus/usb/001/003
[36m00000300[0m hotplug_libudev.c:296:get_driver() Looking for a driver for VID: 0x05AC, PID: 0x8289, path: /dev/bus/usb/001/007
[36m00000313[0m hotplug_libudev.c:296:get_driver() Looking for a driver for VID: 0x05AC, PID: 0x8289, path: /dev/bus/usb/001/007
[36m00000264[0m hotplug_libudev.c:296:get_driver() Looking for a driver for VID: 0x05AC, PID: 0x8289, path: /dev/bus/usb/001/007
[36m00000245[0m hotplug_libudev.c:296:get_driver() Looking for a driver for VID: 0x05AC, PID: 0x8289, path: /dev/bus/usb/001/007
[36m00000230[0m hotplug_libudev.c:296:get_driver() Looking for a driver for VID: 0x0A5C, PID: 0x4500, path: /dev/bus/usb/001/003
[36m00000216[0m hotplug_libudev.c:296:get_driver() Looking for a driver for VID: 0x1D6B, PID: 0x0002, path: /dev/bus/usb/001/001
[36m00000239[0m hotplug_libudev.c:296:get_driver() Looking for a driver for VID: 0x05AC, PID: 0x0259, path: /dev/bus/usb/001/004
[36m00000228[0m hotplug_libudev.c:296:get_driver() Looking for a driver for VID: 0x05AC, PID: 0x0259, path: /dev/bus/usb/001/004
[36m00000230[0m hotplug_libudev.c:296:get_driver() Looking for a driver for VID: 0x05AC, PID: 0x0259, path: /dev/bus/usb/001/004
[36m00000362[0m hotplug_libudev.c:296:get_driver() Looking for a driver for VID: 0x1D6B, PID: 0x0003, path: /dev/bus/usb/002/001
[36m00000217[0m hotplug_libudev.c:296:get_driver() Looking for a driver for VID: 0x1D6B, PID: 0x0003, path: /dev/bus/usb/002/001
[36m00000237[0m hotplug_libudev.c:296:get_driver() Looking for a driver for VID: 0x05AC, PID: 0x8406, path: /dev/bus/usb/002/002
[36m04996838[0m [34mifdhandler.c:1143:IFDHPowerICC() action: PowerDown, usb:1050/0407:libudev:2:/dev/bus/usb/001/008 (lun: 0)[0m
[36m00000132[0m eventhandler.c:481:EHStatusHandlerThread() powerState: POWER_STATE_UNPOWERED
[36m00963970[0m winscard_msg_srv.c:253:ProcessEventsServer() Common channel packet arrival
[36m00000027[0m winscard_msg_srv.c:265:ProcessEventsServer() ProcessCommonChannelRequest detects: 12
[36m00000004[0m pcscdaemon.c:134:SVCServiceRunLoop() A new context thread creation is requested: 12
[36m00000040[0m winscard_svc.c:331:ContextThread() Authorized PC/SC client
[36m00000005[0m winscard_svc.c:335:ContextThread() Thread is started: dwClientID=12, threadContext @0x8d6960
[36m00000006[0m winscard_svc.c:353:ContextThread() Received command: CMD_VERSION from client 12
[36m00000005[0m winscard_svc.c:365:ContextThread() Client is protocol version 4:3
[36m00000005[0m winscard_svc.c:385:ContextThread() CMD_VERSION rv=0x0 for client 12
[36m00000024[0m winscard_svc.c:353:ContextThread() Received command: ESTABLISH_CONTEXT from client 12
[36m00000011[0m winscard.c:215:SCardEstablishContext() Establishing Context: 0x72A70041
[36m00000003[0m winscard_svc.c:446:ContextThread() ESTABLISH_CONTEXT rv=0x0 for client 12
[36m00000017[0m winscard_svc.c:353:ContextThread() Received command: CMD_GET_READERS_STATE from client 12
[36m00000023[0m winscard_svc.c:353:ContextThread() Received command: CMD_GET_READERS_STATE from client 12
[36m00000146[0m winscard_svc.c:353:ContextThread() Received command: CONNECT from client 12
[36m00000012[0m winscard_svc.c:484:ContextThread() Authorized client for 'Yubico Yubikey 4 OTP+U2F+CCID 00 00'
[36m00000004[0m winscard.c:257:SCardConnect() Attempting Connect to Yubico Yubikey 4 OTP+U2F+CCID 00 00 using protocol: 3
[36m00000003[0m readerfactory.c:768:RFReaderInfo() RefReader() count was: 1
[36m00000127[0m [34mifdhandler.c:1143:IFDHPowerICC() action: PowerUp, usb:1050/0407:libudev:2:/dev/bus/usb/001/008 (lun: 0)[0m
[36m00000175[0m winscard.c:332:SCardConnect() power up complete.
[36m00000012[0m Card ATR: 3B F8 13 00 00 81 31 FE 15 59 75 62 69 6B 65 79 34 D4 
[36m00000012[0m winscard.c:352:SCardConnect() powerState: POWER_STATE_INUSE
[36m00000005[0m [34mprothandler.c:110:PHSetProtocol() Attempting PTS to T=1[0m
[36m00000004[0m [34mifdhandler.c:686:IFDHSetProtocolParameters() protocol T=1, usb:1050/0407:libudev:2:/dev/bus/usb/001/008 (lun: 0)[0m
[36m00000002[0m winscard.c:431:SCardConnect() Active Protocol: T=1
[36m00000004[0m winscard.c:451:SCardConnect() hCard Identity: 1955fc93
[36m00000003[0m winscard.c:512:SCardConnect() UnrefReader() count was: 2
[36m00000004[0m winscard_svc.c:498:ContextThread() CONNECT rv=0x0 for client 12
[36m00000024[0m winscard_svc.c:353:ContextThread() Received command: CONTROL from client 12
[36m00000005[0m readerfactory.c:795:RFReaderInfoById() RefReader() count was: 1
[36m00000003[0m [34mifdhandler.c:1400:IFDHControl() ControlCode: 0x42000D48, usb:1050/0407:libudev:2:/dev/bus/usb/001/008 (lun: 0)[0m
[36m00000004[0m [34mControl TxBuffer: [0m
[36m00000006[0m [34mControl RxBuffer: 12 04 42 33 00 12 [0m
[36m00000002[0m winscard.c:1372:SCardControl() UnrefReader() count was: 2
[36m00000003[0m winscard_svc.c:703:ContextThread() CONTROL rv=0x0 for client 12
[36m00000012[0m winscard_svc.c:353:ContextThread() Received command: CONTROL from client 12
[36m00000004[0m readerfactory.c:795:RFReaderInfoById() RefReader() count was: 1
[36m00000002[0m [34mifdhandler.c:1400:IFDHControl() ControlCode: 0x42330012, usb:1050/0407:libudev:2:/dev/bus/usb/001/008 (lun: 0)[0m
[36m00000003[0m [34mControl TxBuffer: [0m
[36m00000004[0m [34mControl RxBuffer: 01 02 00 00 03 01 00 09 01 00 0B 02 50 10 0C 02 07 04 0A 04 00 00 01 00 [0m
[36m00000003[0m winscard.c:1372:SCardControl() UnrefReader() count was: 2
[36m00000002[0m winscard_svc.c:703:ContextThread() CONTROL rv=0x0 for client 12
[36m00000012[0m winscard_svc.c:353:ContextThread() Received command: CMD_GET_READERS_STATE from client 12
[36m00000013[0m winscard_svc.c:353:ContextThread() Received command: STATUS from client 12
[36m00000004[0m readerfactory.c:795:RFReaderInfoById() RefReader() count was: 1
[36m00000003[0m winscard.c:1313:SCardStatus() UnrefReader() count was: 2
[36m00000054[0m winscard_svc.c:606:ContextThread() STATUS rv=0x0 for client 12
[36m00000013[0m winscard_svc.c:353:ContextThread() Received command: CMD_GET_READERS_STATE from client 12
[36m00000018[0m winscard_svc.c:353:ContextThread() Received command: TRANSMIT from client 12
[36m00000005[0m readerfactory.c:795:RFReaderInfoById() RefReader() count was: 1
[36m00000003[0m winscard.c:1608:SCardTransmit() Send Protocol: T=1
[36m00000003[0m [34mAPDU: 00 A4 00 0C 02 3F 00 [0m
[36m00000003[0m [34mifdhandler.c:1292:IFDHTransmitToICC() usb:1050/0407:libudev:2:/dev/bus/usb/001/008 (lun: 0)[0m
[36m00000863[0m [34mSW: 6D 00 [0m
[36m00000014[0m winscard.c:1653:SCardTransmit() UnrefReader() count was: 2
[36m00000004[0m winscard_svc.c:659:ContextThread() TRANSMIT rv=0x0 for client 12
[36m00000028[0m winscard_svc.c:353:ContextThread() Received command: TRANSMIT from client 12
[36m00000007[0m readerfactory.c:795:RFReaderInfoById() RefReader() count was: 1
[36m00000003[0m winscard.c:1608:SCardTransmit() Send Protocol: T=1
[36m00000004[0m [34mAPDU: 00 A4 04 00 06 D2 76 00 01 24 01 [0m
[36m00000003[0m [34mifdhandler.c:1292:IFDHTransmitToICC() usb:1050/0407:libudev:2:/dev/bus/usb/001/008 (lun: 0)[0m
[36m00001050[0m [34mSW: 90 00 [0m
[36m00000005[0m winscard.c:1653:SCardTransmit() UnrefReader() count was: 2
[36m00000004[0m winscard_svc.c:659:ContextThread() TRANSMIT rv=0x0 for client 12
[36m00000029[0m winscard_svc.c:353:ContextThread() Received command: TRANSMIT from client 12
[36m00000006[0m readerfactory.c:795:RFReaderInfoById() RefReader() count was: 1
[36m00000003[0m winscard.c:1608:SCardTransmit() Send Protocol: T=1
[36m00000003[0m [34mAPDU: 00 CA 00 4F 00 [0m
[36m00000003[0m [34mifdhandler.c:1292:IFDHTransmitToICC() usb:1050/0407:libudev:2:/dev/bus/usb/001/008 (lun: 0)[0m
[36m00000948[0m [34mSW: D2 76 00 01 24 01 02 01 00 06 05 25 45 59 00 00 90 00 [0m
[36m00000009[0m winscard.c:1653:SCardTransmit() UnrefReader() count was: 2
[36m00000003[0m winscard_svc.c:659:ContextThread() TRANSMIT rv=0x0 for client 12
[36m00000030[0m winscard_svc.c:353:ContextThread() Received command: TRANSMIT from client 12
[36m00000006[0m readerfactory.c:795:RFReaderInfoById() RefReader() count was: 1
[36m00000003[0m winscard.c:1608:SCardTransmit() Send Protocol: T=1
[36m00000003[0m [34mAPDU: 00 CA 5F 52 00 [0m
[36m00000003[0m [34mifdhandler.c:1292:IFDHTransmitToICC() usb:1050/0407:libudev:2:/dev/bus/usb/001/008 (lun: 0)[0m
[36m00000941[0m [34mSW: 00 73 00 00 80 05 90 00 90 00 [0m
[36m00000014[0m winscard.c:1653:SCardTransmit() UnrefReader() count was: 2
[36m00000006[0m winscard_svc.c:659:ContextThread() TRANSMIT rv=0x0 for client 12
[36m00000058[0m winscard_svc.c:353:ContextThread() Received command: TRANSMIT from client 12
[36m00000014[0m readerfactory.c:795:RFReaderInfoById() RefReader() count was: 1
[36m00000006[0m winscard.c:1608:SCardTransmit() Send Protocol: T=1
[36m00000006[0m [34mAPDU: 00 CA 00 C4 00 [0m
[36m00000006[0m [34mifdhandler.c:1292:IFDHTransmitToICC() usb:1050/0407:libudev:2:/dev/bus/usb/001/008 (lun: 0)[0m
[36m00000964[0m [34mSW: FF 7F 7F 7F 03 00 03 90 00 [0m
[36m00000009[0m winscard.c:1653:SCardTransmit() UnrefReader() count was: 2
[36m00000003[0m winscard_svc.c:659:ContextThread() TRANSMIT rv=0x0 for client 12
[36m00000077[0m winscard_svc.c:353:ContextThread() Received command: TRANSMIT from client 12
[36m00000008[0m readerfactory.c:795:RFReaderInfoById() RefReader() count was: 1
[36m00000003[0m winscard.c:1608:SCardTransmit() Send Protocol: T=1
[36m00000004[0m [34mAPDU: 00 CA 00 6E 00 [0m
[36m00000003[0m [34mifdhandler.c:1292:IFDHTransmitToICC() usb:1050/0407:libudev:2:/dev/bus/usb/001/008 (lun: 0)[0m
[36m00009816[0m [34mSW: 6E 81 DD 4F 10 D2 76 00 01 24 01 02 01 00 06 05 25 45 59 00 00 5F 52 08 00 73 00 00 80 05 90 00 7F 74 03 81 01 20 73 81 B7 C0 0A 3C 00 00 00 04 C0 00 FF 00 FF C1 06 01 10 00 00 11 00 C2 06 01 08 00 00 11 00 C3 06 01 10 00 00 11 00 C4 07 FF 7F 7F 7F 03 00 03 C5 3C 12 39 CC 42 0D 95 60 04 D3 C8 FE 10 40 CA B1 E5 5A D0 66 62 B2 DC 79 FE 95 01 FC A0 9F 34 AE 39 6C BF D9 6B 56 00 15 5E A8 E8 26 01 FC 80 C4 38 A5 D3 6A 4A C1 C5 95 78 A2 B1 81 70 C6 3C 00 00 00 00 00 00 00 00 00 00 00 00 00 00 00 00 00 00 00 00 00 00 00 00 00 00 00 00 00 00 00 00 00 00 00 00 00 00 00 00 00 00 00 00 00 00 00 00 00 00 00 00 00 00 00 00 00 00 00 00 CD 0C 5A 37 5A E5 5A 37 5A E5 5A 37 5A E5 90 00 [0m
[36m00000028[0m winscard.c:1653:SCardTransmit() UnrefReader() count was: 2
[36m00000005[0m winscard_svc.c:659:ContextThread() TRANSMIT rv=0x0 for client 12
[36m00000104[0m winscard_svc.c:353:ContextThread() Received command: TRANSMIT from client 12
[36m00000015[0m readerfactory.c:795:RFReaderInfoById() RefReader() count was: 1
[36m00000005[0m winscard.c:1608:SCardTransmit() Send Protocol: T=1
[36m00000004[0m [34mAPDU: 00 CA 7F 74 00 [0m
[36m00000004[0m [34mifdhandler.c:1292:IFDHTransmitToICC() usb:1050/0407:libudev:2:/dev/bus/usb/001/008 (lun: 0)[0m
[36m00001035[0m [34mSW: 81 01 20 90 00 [0m
[36m00000027[0m winscard.c:1653:SCardTransmit() UnrefReader() count was: 2
[36m00000005[0m winscard_svc.c:659:ContextThread() TRANSMIT rv=0x0 for client 12
[36m00000129[0m winscard_svc.c:353:ContextThread() Received command: TRANSMIT from client 12
[36m00000015[0m readerfactory.c:795:RFReaderInfoById() RefReader() count was: 1
[36m00000005[0m winscard.c:1608:SCardTransmit() Send Protocol: T=1
[36m00000004[0m [34mAPDU: 00 CA 00 5E 00 [0m
[36m00000004[0m [34mifdhandler.c:1292:IFDHTransmitToICC() usb:1050/0407:libudev:2:/dev/bus/usb/001/008 (lun: 0)[0m
[36m00003353[0m [34mSW: 90 00 [0m
[36m00000025[0m winscard.c:1653:SCardTransmit() UnrefReader() count was: 2
[36m00000008[0m winscard_svc.c:659:ContextThread() TRANSMIT rv=0x0 for client 12
[36m00000075[0m winscard_svc.c:353:ContextThread() Received command: TRANSMIT from client 12
[36m00000015[0m readerfactory.c:795:RFReaderInfoById() RefReader() count was: 1
[36m00000016[0m winscard.c:1608:SCardTransmit() Send Protocol: T=1
[36m00000006[0m [34mAPDU: 00 CA 00 6E 00 [0m
[36m00000007[0m [34mifdhandler.c:1292:IFDHTransmitToICC() usb:1050/0407:libudev:2:/dev/bus/usb/001/008 (lun: 0)[0m
[36m00009902[0m [34mSW: 6E 81 DD 4F 10 D2 76 00 01 24 01 02 01 00 06 05 25 45 59 00 00 5F 52 08 00 73 00 00 80 05 90 00 7F 74 03 81 01 20 73 81 B7 C0 0A 3C 00 00 00 04 C0 00 FF 00 FF C1 06 01 10 00 00 11 00 C2 06 01 08 00 00 11 00 C3 06 01 10 00 00 11 00 C4 07 FF 7F 7F 7F 03 00 03 C5 3C 12 39 CC 42 0D 95 60 04 D3 C8 FE 10 40 CA B1 E5 5A D0 66 62 B2 DC 79 FE 95 01 FC A0 9F 34 AE 39 6C BF D9 6B 56 00 15 5E A8 E8 26 01 FC 80 C4 38 A5 D3 6A 4A C1 C5 95 78 A2 B1 81 70 C6 3C 00 00 00 00 00 00 00 00 00 00 00 00 00 00 00 00 00 00 00 00 00 00 00 00 00 00 00 00 00 00 00 00 00 00 00 00 00 00 00 00 00 00 00 00 00 00 00 00 00 00 00 00 00 00 00 00 00 00 00 00 CD 0C 5A 37 5A E5 5A 37 5A E5 5A 37 5A E5 90 00 [0m
[36m00000027[0m winscard.c:1653:SCardTransmit() UnrefReader() count was: 2
[36m00000007[0m winscard_svc.c:659:ContextThread() TRANSMIT rv=0x0 for client 12
[36m00000076[0m winscard_svc.c:353:ContextThread() Received command: TRANSMIT from client 12
[36m00000015[0m readerfactory.c:795:RFReaderInfoById() RefReader() count was: 1
[36m00000006[0m winscard.c:1608:SCardTransmit() Send Protocol: T=1
[36m00000006[0m [34mAPDU: 00 CA 00 6E 00 [0m
[36m00000006[0m [34mifdhandler.c:1292:IFDHTransmitToICC() usb:1050/0407:libudev:2:/dev/bus/usb/001/008 (lun: 0)[0m
[36m00009841[0m [34mSW: 6E 81 DD 4F 10 D2 76 00 01 24 01 02 01 00 06 05 25 45 59 00 00 5F 52 08 00 73 00 00 80 05 90 00 7F 74 03 81 01 20 73 81 B7 C0 0A 3C 00 00 00 04 C0 00 FF 00 FF C1 06 01 10 00 00 11 00 C2 06 01 08 00 00 11 00 C3 06 01 10 00 00 11 00 C4 07 FF 7F 7F 7F 03 00 03 C5 3C 12 39 CC 42 0D 95 60 04 D3 C8 FE 10 40 CA B1 E5 5A D0 66 62 B2 DC 79 FE 95 01 FC A0 9F 34 AE 39 6C BF D9 6B 56 00 15 5E A8 E8 26 01 FC 80 C4 38 A5 D3 6A 4A C1 C5 95 78 A2 B1 81 70 C6 3C 00 00 00 00 00 00 00 00 00 00 00 00 00 00 00 00 00 00 00 00 00 00 00 00 00 00 00 00 00 00 00 00 00 00 00 00 00 00 00 00 00 00 00 00 00 00 00 00 00 00 00 00 00 00 00 00 00 00 00 00 CD 0C 5A 37 5A E5 5A 37 5A E5 5A 37 5A E5 90 00 [0m
[36m00000017[0m winscard.c:1653:SCardTransmit() UnrefReader() count was: 2
[36m00000007[0m winscard_svc.c:659:ContextThread() TRANSMIT rv=0x0 for client 12
[36m00000056[0m winscard_svc.c:353:ContextThread() Received command: TRANSMIT from client 12
[36m00000014[0m readerfactory.c:795:RFReaderInfoById() RefReader() count was: 1
[36m00000006[0m winscard.c:1608:SCardTransmit() Send Protocol: T=1
[36m00000006[0m [34mAPDU: 00 CA 00 6E 00 [0m
[36m00000006[0m [34mifdhandler.c:1292:IFDHTransmitToICC() usb:1050/0407:libudev:2:/dev/bus/usb/001/008 (lun: 0)[0m
[36m00009770[0m [34mSW: 6E 81 DD 4F 10 D2 76 00 01 24 01 02 01 00 06 05 25 45 59 00 00 5F 52 08 00 73 00 00 80 05 90 00 7F 74 03 81 01 20 73 81 B7 C0 0A 3C 00 00 00 04 C0 00 FF 00 FF C1 06 01 10 00 00 11 00 C2 06 01 08 00 00 11 00 C3 06 01 10 00 00 11 00 C4 07 FF 7F 7F 7F 03 00 03 C5 3C 12 39 CC 42 0D 95 60 04 D3 C8 FE 10 40 CA B1 E5 5A D0 66 62 B2 DC 79 FE 95 01 FC A0 9F 34 AE 39 6C BF D9 6B 56 00 15 5E A8 E8 26 01 FC 80 C4 38 A5 D3 6A 4A C1 C5 95 78 A2 B1 81 70 C6 3C 00 00 00 00 00 00 00 00 00 00 00 00 00 00 00 00 00 00 00 00 00 00 00 00 00 00 00 00 00 00 00 00 00 00 00 00 00 00 00 00 00 00 00 00 00 00 00 00 00 00 00 00 00 00 00 00 00 00 00 00 CD 0C 5A 37 5A E5 5A 37 5A E5 5A 37 5A E5 90 00 [0m
[36m00000014[0m winscard.c:1653:SCardTransmit() UnrefReader() count was: 2
[36m00000004[0m winscard_svc.c:659:ContextThread() TRANSMIT rv=0x0 for client 12
[36m00000526[0m winscard_svc.c:353:ContextThread() Received command: TRANSMIT from client 12
[36m00000016[0m readerfactory.c:795:RFReaderInfoById() RefReader() count was: 1
[36m00000005[0m winscard.c:1608:SCardTransmit() Send Protocol: T=1
[36m00000004[0m [34mAPDU: 00 CA 00 65 00 [0m
[36m00000004[0m [34mifdhandler.c:1292:IFDHTransmitToICC() usb:1050/0407:libudev:2:/dev/bus/usb/001/008 (lun: 0)[0m
[36m00003354[0m [34mSW: 65 09 5B 00 5F 2D 00 5F 35 01 39 90 00 [0m
[36m00000014[0m winscard.c:1653:SCardTransmit() UnrefReader() count was: 2
[36m00000007[0m winscard_svc.c:659:ContextThread() TRANSMIT rv=0x0 for client 12
[36m00000069[0m winscard_svc.c:353:ContextThread() Received command: TRANSMIT from client 12
[36m00000014[0m readerfactory.c:795:RFReaderInfoById() RefReader() count was: 1
[36m00000006[0m winscard.c:1608:SCardTransmit() Send Protocol: T=1
[36m00000005[0m [34mAPDU: 00 CA 5F 50 00 [0m
[36m00000006[0m [34mifdhandler.c:1292:IFDHTransmitToICC() usb:1050/0407:libudev:2:/dev/bus/usb/001/008 (lun: 0)[0m
[36m00001287[0m [34mSW: 68 74 74 70 3A 2F 2F 68 6B 70 73 2E 70 6F 6F 6C 2E 73 6B 73 2D 6B 65 79 73 65 72 76 65 72 73 2E 6E 65 74 2F 70 6B 73 2F 6C 6F 6F 6B 75 70 3F 6F 70 3D 67 65 74 26 73 65 61 72 63 68 3D 30 78 34 30 43 41 42 31 45 35 35 41 44 30 36 36 36 32 90 00 [0m
[36m00000016[0m winscard.c:1653:SCardTransmit() UnrefReader() count was: 2
[36m00000007[0m winscard_svc.c:659:ContextThread() TRANSMIT rv=0x0 for client 12
[36m00000056[0m winscard_svc.c:353:ContextThread() Received command: TRANSMIT from client 12
[36m00000014[0m readerfactory.c:795:RFReaderInfoById() RefReader() count was: 1
[36m00000006[0m winscard.c:1608:SCardTransmit() Send Protocol: T=1
[36m00000006[0m [34mAPDU: 00 CA 00 6E 00 [0m
[36m00000006[0m [34mifdhandler.c:1292:IFDHTransmitToICC() usb:1050/0407:libudev:2:/dev/bus/usb/001/008 (lun: 0)[0m
[36m00009862[0m [34mSW: 6E 81 DD 4F 10 D2 76 00 01 24 01 02 01 00 06 05 25 45 59 00 00 5F 52 08 00 73 00 00 80 05 90 00 7F 74 03 81 01 20 73 81 B7 C0 0A 3C 00 00 00 04 C0 00 FF 00 FF C1 06 01 10 00 00 11 00 C2 06 01 08 00 00 11 00 C3 06 01 10 00 00 11 00 C4 07 FF 7F 7F 7F 03 00 03 C5 3C 12 39 CC 42 0D 95 60 04 D3 C8 FE 10 40 CA B1 E5 5A D0 66 62 B2 DC 79 FE 95 01 FC A0 9F 34 AE 39 6C BF D9 6B 56 00 15 5E A8 E8 26 01 FC 80 C4 38 A5 D3 6A 4A C1 C5 95 78 A2 B1 81 70 C6 3C 00 00 00 00 00 00 00 00 00 00 00 00 00 00 00 00 00 00 00 00 00 00 00 00 00 00 00 00 00 00 00 00 00 00 00 00 00 00 00 00 00 00 00 00 00 00 00 00 00 00 00 00 00 00 00 00 00 00 00 00 CD 0C 5A 37 5A E5 5A 37 5A E5 5A 37 5A E5 90 00 [0m
[36m00000026[0m winscard.c:1653:SCardTransmit() UnrefReader() count was: 2
[36m00000007[0m winscard_svc.c:659:ContextThread() TRANSMIT rv=0x0 for client 12
[36m00000092[0m winscard_svc.c:353:ContextThread() Received command: TRANSMIT from client 12
[36m00000015[0m readerfactory.c:795:RFReaderInfoById() RefReader() count was: 1
[36m00000006[0m winscard.c:1608:SCardTransmit() Send Protocol: T=1
[36m00000006[0m [34mAPDU: 00 CA 00 C4 00 [0m
[36m00000006[0m [34mifdhandler.c:1292:IFDHTransmitToICC() usb:1050/0407:libudev:2:/dev/bus/usb/001/008 (lun: 0)[0m
[36m00001054[0m [34mSW: FF 7F 7F 7F 03 00 03 90 00 [0m
[36m00000029[0m winscard.c:1653:SCardTransmit() UnrefReader() count was: 2
[36m00000007[0m winscard_svc.c:659:ContextThread() TRANSMIT rv=0x0 for client 12
[36m00000076[0m winscard_svc.c:353:ContextThread() Received command: TRANSMIT from client 12
[36m00000015[0m readerfactory.c:795:RFReaderInfoById() RefReader() count was: 1
[36m00000005[0m winscard.c:1608:SCardTransmit() Send Protocol: T=1
[36m00000006[0m [34mAPDU: 00 CA 00 7A 00 [0m
[36m00000006[0m [34mifdhandler.c:1292:IFDHTransmitToICC() usb:1050/0407:libudev:2:/dev/bus/usb/001/008 (lun: 0)[0m
[36m00000994[0m [34mSW: 7A 05 93 03 00 00 04 90 00 [0m
[36m00000023[0m winscard.c:1653:SCardTransmit() UnrefReader() count was: 2
[36m00000005[0m winscard_svc.c:659:ContextThread() TRANSMIT rv=0x0 for client 12
[36m00000083[0m winscard_svc.c:353:ContextThread() Received command: TRANSMIT from client 12
[36m00000014[0m readerfactory.c:795:RFReaderInfoById() RefReader() count was: 1
[36m00000004[0m winscard.c:1608:SCardTransmit() Send Protocol: T=1
[36m00000004[0m [34mAPDU: 00 CA 01 01 00 [0m
[36m00000004[0m [34mifdhandler.c:1292:IFDHTransmitToICC() usb:1050/0407:libudev:2:/dev/bus/usb/001/008 (lun: 0)[0m
[36m00000945[0m [34mSW: 90 00 [0m
[36m00000022[0m winscard.c:1653:SCardTransmit() UnrefReader() count was: 2
[36m00000008[0m winscard_svc.c:659:ContextThread() TRANSMIT rv=0x0 for client 12
[36m00000063[0m winscard_svc.c:353:ContextThread() Received command: TRANSMIT from client 12
[36m00000014[0m readerfactory.c:795:RFReaderInfoById() RefReader() count was: 1
[36m00000006[0m winscard.c:1608:SCardTransmit() Send Protocol: T=1
[36m00000006[0m [34mAPDU: 00 CA 01 02 00 [0m
[36m00000006[0m [34mifdhandler.c:1292:IFDHTransmitToICC() usb:1050/0407:libudev:2:/dev/bus/usb/001/008 (lun: 0)[0m
[36m00000936[0m [34mSW: 90 00 [0m
[36m00000015[0m winscard.c:1653:SCardTransmit() UnrefReader() count was: 2
[36m00000007[0m winscard_svc.c:659:ContextThread() TRANSMIT rv=0x0 for client 12
[36m00000053[0m winscard_svc.c:353:ContextThread() Received command: TRANSMIT from client 12
[36m00000014[0m readerfactory.c:795:RFReaderInfoById() RefReader() count was: 1
[36m00000006[0m winscard.c:1608:SCardTransmit() Send Protocol: T=1
[36m00000007[0m [34mAPDU: 00 47 81 00 02 B6 00 00 [0m
[36m00000006[0m [34mifdhandler.c:1292:IFDHTransmitToICC() usb:1050/0407:libudev:2:/dev/bus/usb/001/008 (lun: 0)[0m
[36m00004563[0m [34mSW: 7F 49 82 02 09 81 82 02 00 98 8B D7 EA 90 5E 52 17 C4 8A EB 98 A0 6A EE F9 6E 25 94 0D 5C B4 8F 0D F3 EF A2 84 5F 58 52 11 8B F6 EC 94 FA 50 3A AB 09 A8 C1 AF CF 5E FC 1E 84 79 76 06 AB C4 86 22 5B 10 3E 58 3C D8 88 9B 7D 1D DD 23 85 6D 1A 93 99 12 00 44 45 F4 0D 95 32 C9 CE D7 91 EA 98 43 D3 B0 FB 27 8E B8 0F 9E 20 78 25 B4 71 C6 2C 02 AB 60 B8 31 4B 20 3E 75 46 28 50 47 69 0E F8 53 2D 74 27 44 E2 5F 37 89 18 9D D3 77 BC 4C 6D A2 4A 94 B2 0B 5F E1 DC AB 09 85 EC EE 4F 59 2D 5B F1 0A 2D 31 76 E4 F5 34 99 F9 3C 72 6C 08 D6 9A 4B 9F DF E2 DA 67 D2 18 E0 22 D3 08 39 B8 A6 73 56 F8 54 7B C8 E2 0E D1 14 33 8B 73 6F FD 3D DD BC 8A DF 6B 0C 3F 21 32 5E AB 16 10 87 EA 64 28 40 3C 51 C8 0C AD A2 8B B6 25 B8 60 6E E9 C1 AA 70 AA E9 81 53 88 25 DC 14 E3 A9 24 B5 61 FF [0m
[36m00000017[0m winscard.c:1653:SCardTransmit() UnrefReader() count was: 2
[36m00000007[0m winscard_svc.c:659:ContextThread() TRANSMIT rv=0x0 for client 12
[36m00000047[0m winscard_svc.c:353:ContextThread() Received command: TRANSMIT from client 12
[36m00000014[0m readerfactory.c:795:RFReaderInfoById() RefReader() count was: 1
[36m00000006[0m winscard.c:1608:SCardTransmit() Send Protocol: T=1
[36m00000006[0m [34mAPDU: 00 C0 00 00 FF [0m
[36m00000006[0m [34mifdhandler.c:1292:IFDHTransmitToICC() usb:1050/0407:libudev:2:/dev/bus/usb/001/008 (lun: 0)[0m
[36m00000697[0m [34mSW: 12 E3 13 75 7B 7B C1 EA 9B D3 B3 41 BC EE F0 77 29 EC 89 BB D5 61 30 25 E8 21 F4 25 A3 36 31 F4 18 E3 A3 52 E2 AD 0A F7 2A 1E F3 1F 14 21 B1 15 79 0B 3D 63 A2 FF 4B 83 DF E5 80 33 27 C1 A4 BC C7 66 EF 00 17 20 5E 9E 56 FC 49 E9 FC CB F0 A2 B7 17 BC AA AF E1 3D 7B 73 54 10 AD 08 E0 65 09 EA F9 B3 29 26 A5 4F FA 36 E4 7B 4C 34 2B 18 4B 32 A4 2E 2D C0 C5 46 E4 50 3A FE BB D6 19 B0 B6 74 F8 51 4D 7D 52 3E 01 E7 63 5C 5D 98 D1 7B 05 B5 62 C2 B0 30 F5 47 D3 93 37 2B 9B 47 E1 0D 1A DB 22 B3 2B 82 37 F1 71 2F 2C 33 DE 19 60 FB F6 3C 2E 65 1F 58 16 FB AA E8 3F 7C CC 03 E7 A6 48 86 49 8E 00 73 8E 05 C1 07 EE 56 69 71 42 10 D5 9C 9D FC 58 06 1C A3 72 36 42 2D 62 85 8C CC A8 B6 EA 58 9D 5A AF 3F B8 FC E4 EC 05 A2 06 A8 EB BA 76 1C 89 BF B9 F9 FB 9A 0D 4C E7 FD A7 3A 61 11 [0m
[36m00000012[0m winscard.c:1653:SCardTransmit() UnrefReader() count was: 2
[36m00000004[0m winscard_svc.c:659:ContextThread() TRANSMIT rv=0x0 for client 12
[36m00000033[0m winscard_svc.c:353:ContextThread() Received command: TRANSMIT from client 12
[36m00000009[0m readerfactory.c:795:RFReaderInfoById() RefReader() count was: 1
[36m00000003[0m winscard.c:1608:SCardTransmit() Send Protocol: T=1
[36m00000004[0m [34mAPDU: 00 C0 00 00 11 [0m
[36m00000004[0m [34mifdhandler.c:1292:IFDHTransmitToICC() usb:1050/0407:libudev:2:/dev/bus/usb/001/008 (lun: 0)[0m
[36m00000230[0m [34mSW: 24 E0 64 58 67 53 75 0B A3 83 07 8B 82 03 01 00 01 90 00 [0m
[36m00000012[0m winscard.c:1653:SCardTransmit() UnrefReader() count was: 2
[36m00000009[0m winscard_svc.c:659:ContextThread() TRANSMIT rv=0x0 for client 12
[36m00000082[0m winscard_svc.c:353:ContextThread() Received command: TRANSMIT from client 12
[36m00000011[0m readerfactory.c:795:RFReaderInfoById() RefReader() count was: 1
[36m00000003[0m winscard.c:1608:SCardTransmit() Send Protocol: T=1
[36m00000005[0m [34mAPDU: 00 47 81 00 02 B8 00 00 [0m
[36m00000003[0m [34mifdhandler.c:1292:IFDHTransmitToICC() usb:1050/0407:libudev:2:/dev/bus/usb/001/008 (lun: 0)[0m
[36m00004447[0m [34mSW: 7F 49 82 01 09 81 82 01 00 A5 70 A7 B6 70 E8 7E 97 B4 68 FB C1 38 D3 94 16 A6 11 65 E3 E3 BB 49 91 0D A8 DA F6 69 7F AD A5 FF 3E A7 9D 4F 1C 45 16 CB AD CB 2B DE E7 8E F9 8F 53 9D 9D 61 54 93 43 FF CF C9 E6 8B 6E CB 7C AC F4 1D AE E6 FB 70 B2 99 FB 77 EC 95 40 32 D9 A0 1A 0D D8 B9 56 8A 81 CC C5 DC F1 F2 25 57 20 C1 FB F0 B5 F9 4F 03 E7 EF EF 08 12 42 75 53 17 1F C4 BB 9E CA 8B 8D F7 45 46 27 41 77 BF 4A 90 78 6B 75 94 2B B1 0F FC E8 C7 2A F0 96 9A 8F CD C6 69 8C C7 26 17 86 F4 10 D1 2E 4D 35 CE FF 91 08 2E 7A 33 3E 06 3F 86 20 C1 5D 47 FE D5 97 EB E0 F0 49 8F 99 7C F6 09 56 29 83 FC 91 33 6D 27 52 75 F3 7D DB 9F E3 14 51 9F 0D A3 89 93 74 44 0E 96 D4 E6 B5 03 0A 3E 77 47 62 8D 92 21 50 B1 DC AC F8 EE F4 83 53 CB FF 37 1A 19 DB C1 6B 8A D6 1A 37 B7 4B 61 10 [0m
[36m00000011[0m winscard.c:1653:SCardTransmit() UnrefReader() count was: 2
[36m00000004[0m winscard_svc.c:659:ContextThread() TRANSMIT rv=0x0 for client 12
[36m00000034[0m winscard_svc.c:353:ContextThread() Received command: TRANSMIT from client 12
[36m00000009[0m readerfactory.c:795:RFReaderInfoById() RefReader() count was: 1
[36m00000004[0m winscard.c:1608:SCardTransmit() Send Protocol: T=1
[36m00000003[0m [34mAPDU: 00 C0 00 00 10 [0m
[36m00000004[0m [34mifdhandler.c:1292:IFDHTransmitToICC() usb:1050/0407:libudev:2:/dev/bus/usb/001/008 (lun: 0)[0m
[36m00000219[0m [34mSW: 21 E2 25 2B 99 8C E5 F0 6F 4F 7F 82 03 01 00 01 90 00 [0m
[36m00000012[0m winscard.c:1653:SCardTransmit() UnrefReader() count was: 2
[36m00000004[0m winscard_svc.c:659:ContextThread() TRANSMIT rv=0x0 for client 12
[36m00000055[0m winscard_svc.c:353:ContextThread() Received command: TRANSMIT from client 12
[36m00000011[0m readerfactory.c:795:RFReaderInfoById() RefReader() count was: 1
[36m00000003[0m winscard.c:1608:SCardTransmit() Send Protocol: T=1
[36m00000004[0m [34mAPDU: 00 47 81 00 02 A4 00 00 [0m
[36m00000004[0m [34mifdhandler.c:1292:IFDHTransmitToICC() usb:1050/0407:libudev:2:/dev/bus/usb/001/008 (lun: 0)[0m
[36m00004654[0m [34mSW: 7F 49 82 02 09 81 82 02 00 A0 60 46 96 F4 44 C6 38 D4 1A B9 79 43 EA AD 00 64 FD D6 63 4D 8A 63 22 6C 4A 33 F8 97 74 D1 B6 C8 E2 B2 4A 2C A9 68 5C AA C3 01 43 D6 DF C9 35 9B 27 AD 1B 4C B8 81 D2 5B F4 7B 79 27 43 41 E2 FC 4D AB 11 5A 9D 1A 51 2F 1F 03 15 1A 70 DD E2 F6 74 72 78 FF 37 5D 7A AC FE C0 B7 3C 28 06 3F 82 57 0C 30 49 5D E6 14 70 BE 16 59 8F 78 F0 45 22 D4 2D EF 7B 61 17 4C 3B AC 42 CC 6D 64 65 BE 35 B9 7A 57 BF 48 89 A2 6D 3B 67 24 CD B3 97 D1 E5 3B B0 9D 4C 5A 04 30 F2 AA BE 19 17 FF 1F 5F 71 EF 3D D9 6E CB E4 3E 6E 23 73 16 C0 06 CE 0C B9 B4 18 7C A5 05 51 0C 3A BE 67 D3 35 BD 47 AE F3 2F 26 26 FE 48 F6 64 27 2C 39 2E F8 91 0D 72 A1 B9 B8 31 5A 23 24 B0 4A D1 CC DD 37 E4 D6 6F DF DC 1F E6 E1 99 33 9F C7 F5 69 9D E0 FA 19 92 F0 4A 41 EA 45 61 FF [0m
[36m00000010[0m winscard.c:1653:SCardTransmit() UnrefReader() count was: 2
[36m00000004[0m winscard_svc.c:659:ContextThread() TRANSMIT rv=0x0 for client 12
[36m00000026[0m winscard_svc.c:353:ContextThread() Received command: TRANSMIT from client 12
[36m00000008[0m readerfactory.c:795:RFReaderInfoById() RefReader() count was: 1
[36m00000004[0m winscard.c:1608:SCardTransmit() Send Protocol: T=1
[36m00000003[0m [34mAPDU: 00 C0 00 00 FF [0m
[36m00000003[0m [34mifdhandler.c:1292:IFDHTransmitToICC() usb:1050/0407:libudev:2:/dev/bus/usb/001/008 (lun: 0)[0m
[36m00000733[0m [34mSW: 23 54 C7 57 45 AE 12 A2 D1 33 4B 71 75 89 7D 37 0C 12 7C F5 BC 79 70 75 64 63 96 85 25 69 4A 83 FB B3 DE 4D 7E 69 6E D3 D7 2D 6C 30 E4 0A 9C 50 44 64 23 B5 39 AB A3 2E D3 7D 36 79 31 71 C2 79 EA F0 7A 6A C2 82 07 63 CF B4 7F 22 E7 96 8E 4A C0 6C 55 12 CB 5F 7D C1 EF B7 34 EC E5 60 8E 0E 95 E6 6A 39 12 30 70 69 E2 E4 62 C9 DA 83 8C E4 C2 9D C6 EE 5B 9B 65 A0 B7 14 8C 4A 64 F4 59 0A CC 66 42 1F 28 47 D3 56 21 11 B7 96 11 89 2B 3E C6 3F 37 B3 D6 BD 78 B4 90 EC E5 78 58 C6 3D 39 27 1A 6F 9D 0D 4F 28 22 9A D4 C3 D4 63 C3 06 08 EF 7E 14 CA F3 FB DD 34 D0 C6 4B BC 7A BA AB 56 E0 AD 70 D1 C8 23 55 0F 2F 7F BA 09 16 6D C8 39 3C FE EC 8E C5 A7 75 46 A6 56 10 34 63 A9 98 B5 16 71 FE 92 0F 85 3F 9A D7 F7 E8 E2 A2 65 D1 56 92 B1 6F 39 57 F4 76 CB A2 0B 24 D1 EB D6 E2 61 11 [0m
[36m00000012[0m winscard.c:1653:SCardTransmit() UnrefReader() count was: 2
[36m00000003[0m winscard_svc.c:659:ContextThread() TRANSMIT rv=0x0 for client 12
[36m00000025[0m winscard_svc.c:353:ContextThread() Received command: TRANSMIT from client 12
[36m00000008[0m readerfactory.c:795:RFReaderInfoById() RefReader() count was: 1
[36m00000003[0m winscard.c:1608:SCardTransmit() Send Protocol: T=1
[36m00000004[0m [34mAPDU: 00 C0 00 00 11 [0m
[36m00000003[0m [34mifdhandler.c:1292:IFDHTransmitToICC() usb:1050/0407:libudev:2:/dev/bus/usb/001/008 (lun: 0)[0m
[36m00000231[0m [34mSW: 28 11 1A 7E A6 D1 0F 66 93 05 62 8B 82 03 01 00 01 90 00 [0m
[36m00000006[0m winscard.c:1653:SCardTransmit() UnrefReader() count was: 2
[36m00000003[0m winscard_svc.c:659:ContextThread() TRANSMIT rv=0x0 for client 12
[36m00412963[0m winscard_svc.c:353:ContextThread() Received command: CMD_GET_READERS_STATE from client 12
[36m00500983[0m winscard_svc.c:353:ContextThread() Received command: CMD_GET_READERS_STATE from client 12
[36m00500668[0m winscard_svc.c:353:ContextThread() Received command: CMD_GET_READERS_STATE from client 12
[36m00500724[0m winscard_svc.c:353:ContextThread() Received command: CMD_GET_READERS_STATE from client 12
[36m00500674[0m winscard_svc.c:353:ContextThread() Received command: CMD_GET_READERS_STATE from client 12
[36m00500672[0m winscard_svc.c:353:ContextThread() Received command: CMD_GET_READERS_STATE from client 12
[36m00500629[0m winscard_svc.c:353:ContextThread() Received command: CMD_GET_READERS_STATE from client 12
[36m00500683[0m winscard_svc.c:353:ContextThread() Received command: CMD_GET_READERS_STATE from client 12
[36m00500736[0m winscard_svc.c:353:ContextThread() Received command: CMD_GET_READERS_STATE from client 12
[36m00500797[0m winscard_svc.c:353:ContextThread() Received command: CMD_GET_READERS_STATE from client 12
[36m00500725[0m winscard_svc.c:353:ContextThread() Received command: CMD_GET_READERS_STATE from client 12
[36m00500666[0m winscard_svc.c:353:ContextThread() Received command: CMD_GET_READERS_STATE from client 12
[36m00500634[0m winscard_svc.c:353:ContextThread() Received command: CMD_GET_READERS_STATE from client 12
[36m00500690[0m winscard_svc.c:353:ContextThread() Received command: CMD_GET_READERS_STATE from client 12
[36m00500802[0m winscard_svc.c:353:ContextThread() Received command: CMD_GET_READERS_STATE from client 12
[36m00500675[0m winscard_svc.c:353:ContextThread() Received command: CMD_GET_READERS_STATE from client 12
[36m00500669[0m winscard_svc.c:353:ContextThread() Received command: CMD_GET_READERS_STATE from client 12
[36m00500760[0m winscard_svc.c:353:ContextThread() Received command: CMD_GET_READERS_STATE from client 12
[36m00500697[0m winscard_svc.c:353:ContextThread() Received command: CMD_GET_READERS_STATE from client 12
[36m00500669[0m winscard_svc.c:353:ContextThread() Received command: CMD_GET_READERS_STATE from client 12
[36m00500660[0m winscard_svc.c:353:ContextThread() Received command: CMD_GET_READERS_STATE from client 12
[36m00500606[0m winscard_svc.c:353:ContextThread() Received command: CMD_GET_READERS_STATE from client 12
[36m00500756[0m winscard_svc.c:353:ContextThread() Received command: CMD_GET_READERS_STATE from client 12
[36m00500747[0m winscard_svc.c:353:ContextThread() Received command: CMD_GET_READERS_STATE from client 12
[36m00500797[0m winscard_svc.c:353:ContextThread() Received command: CMD_GET_READERS_STATE from client 12
[36m00500731[0m winscard_svc.c:353:ContextThread() Received command: CMD_GET_READERS_STATE from client 12
[36m00500675[0m winscard_svc.c:353:ContextThread() Received command: CMD_GET_READERS_STATE from client 12
[36m00501367[0m winscard_svc.c:353:ContextThread() Received command: CMD_GET_READERS_STATE from client 12
[36m00500733[0m winscard_svc.c:353:ContextThread() Received command: CMD_GET_READERS_STATE from client 12
[36m00500706[0m winscard_svc.c:353:ContextThread() Received command: CMD_GET_READERS_STATE from client 12
[36m00500684[0m winscard_svc.c:353:ContextThread() Received command: CMD_GET_READERS_STATE from client 12
[36m00500708[0m winscard_svc.c:353:ContextThread() Received command: CMD_GET_READERS_STATE from client 12
[36m00500724[0m winscard_svc.c:353:ContextThread() Received command: CMD_GET_READERS_STATE from client 12
[36m00500729[0m winscard_svc.c:353:ContextThread() Received command: CMD_GET_READERS_STATE from client 12
[36m00500787[0m winscard_svc.c:353:ContextThread() Received command: CMD_GET_READERS_STATE from client 12
[36m00500713[0m winscard_svc.c:353:ContextThread() Received command: CMD_GET_READERS_STATE from client 12
[36m00500734[0m winscard_svc.c:353:ContextThread() Received command: CMD_GET_READERS_STATE from client 12
[36m00500759[0m winscard_svc.c:353:ContextThread() Received command: CMD_GET_READERS_STATE from client 12
[36m00500730[0m winscard_svc.c:353:ContextThread() Received command: CMD_GET_READERS_STATE from client 12
[36m00500748[0m winscard_svc.c:353:ContextThread() Received command: CMD_GET_READERS_STATE from client 12
[36m00500772[0m winscard_svc.c:353:ContextThread() Received command: CMD_GET_READERS_STATE from client 12
[36m00500698[0m winscard_svc.c:353:ContextThread() Received command: CMD_GET_READERS_STATE from client 12
[36m00500724[0m winscard_svc.c:353:ContextThread() Received command: CMD_GET_READERS_STATE from client 12
[36m00500810[0m winscard_svc.c:353:ContextThread() Received command: CMD_GET_READERS_STATE from client 12
[36m00500763[0m winscard_svc.c:353:ContextThread() Received command: CMD_GET_READERS_STATE from client 12
[36m00500683[0m winscard_svc.c:353:ContextThread() Received command: CMD_GET_READERS_STATE from client 12
[36m00500782[0m winscard_svc.c:353:ContextThread() Received command: CMD_GET_READERS_STATE from client 12
[36m00500751[0m winscard_svc.c:353:ContextThread() Received command: CMD_GET_READERS_STATE from client 12
[36m00500694[0m winscard_svc.c:353:ContextThread() Received command: CMD_GET_READERS_STATE from client 12
[36m00500656[0m winscard_svc.c:353:ContextThread() Received command: CMD_GET_READERS_STATE from client 12
[36m00500811[0m winscard_svc.c:353:ContextThread() Received command: CMD_GET_READERS_STATE from client 12
[36m00500720[0m winscard_svc.c:353:ContextThread() Received command: CMD_GET_READERS_STATE from client 12
[36m00500728[0m winscard_svc.c:353:ContextThread() Received command: CMD_GET_READERS_STATE from client 12
[36m00500642[0m winscard_svc.c:353:ContextThread() Received command: CMD_GET_READERS_STATE from client 12
[36m00500694[0m winscard_svc.c:353:ContextThread() Received command: CMD_GET_READERS_STATE from client 12
[36m00500783[0m winscard_svc.c:353:ContextThread() Received command: CMD_GET_READERS_STATE from client 12
[36m00500770[0m winscard_svc.c:353:ContextThread() Received command: CMD_GET_READERS_STATE from client 12
[36m00500663[0m winscard_svc.c:353:ContextThread() Received command: CMD_GET_READERS_STATE from client 12
[36m00500786[0m winscard_svc.c:353:ContextThread() Received command: CMD_GET_READERS_STATE from client 12
[36m00500833[0m winscard_svc.c:353:ContextThread() Received command: CMD_GET_READERS_STATE from client 12
[36m00500755[0m winscard_svc.c:353:ContextThread() Received command: CMD_GET_READERS_STATE from client 12
[36m00500695[0m winscard_svc.c:353:ContextThread() Received command: CMD_GET_READERS_STATE from client 12
[36m00500773[0m winscard_svc.c:353:ContextThread() Received command: CMD_GET_READERS_STATE from client 12
[36m00500666[0m winscard_svc.c:353:ContextThread() Received command: CMD_GET_READERS_STATE from client 12
[36m00500684[0m winscard_svc.c:353:ContextThread() Received command: CMD_GET_READERS_STATE from client 12
[36m00500718[0m winscard_svc.c:353:ContextThread() Received command: CMD_GET_READERS_STATE from client 12
[36m00500721[0m winscard_svc.c:353:ContextThread() Received command: CMD_GET_READERS_STATE from client 12
[36m00500683[0m winscard_svc.c:353:ContextThread() Received command: CMD_GET_READERS_STATE from client 12
[36m00500712[0m winscard_svc.c:353:ContextThread() Received command: CMD_GET_READERS_STATE from client 12
[36m00500707[0m winscard_svc.c:353:ContextThread() Received command: CMD_GET_READERS_STATE from client 12
[36m00500720[0m winscard_svc.c:353:ContextThread() Received command: CMD_GET_READERS_STATE from client 12
[36m00500825[0m winscard_svc.c:353:ContextThread() Received command: CMD_GET_READERS_STATE from client 12
[36m00500770[0m winscard_svc.c:353:ContextThread() Received command: CMD_GET_READERS_STATE from client 12
[36m00500734[0m winscard_svc.c:353:ContextThread() Received command: CMD_GET_READERS_STATE from client 12
[36m00500794[0m winscard_svc.c:353:ContextThread() Received command: CMD_GET_READERS_STATE from client 12
[36m00500789[0m winscard_svc.c:353:ContextThread() Received command: CMD_GET_READERS_STATE from client 12
[36m00500736[0m winscard_svc.c:353:ContextThread() Received command: CMD_GET_READERS_STATE from client 12
[36m00500691[0m winscard_svc.c:353:ContextThread() Received command: CMD_GET_READERS_STATE from client 12
[36m00500603[0m winscard_svc.c:353:ContextThread() Received command: CMD_GET_READERS_STATE from client 12
[36m00500583[0m winscard_svc.c:353:ContextThread() Received command: CMD_GET_READERS_STATE from client 12
[36m00500658[0m winscard_svc.c:353:ContextThread() Received command: CMD_GET_READERS_STATE from client 12
[36m00500790[0m winscard_svc.c:353:ContextThread() Received command: CMD_GET_READERS_STATE from client 12
[36m00500816[0m winscard_svc.c:353:ContextThread() Received command: CMD_GET_READERS_STATE from client 12
[36m00500719[0m winscard_svc.c:353:ContextThread() Received command: CMD_GET_READERS_STATE from client 12
[36m00500796[0m winscard_svc.c:353:ContextThread() Received command: CMD_GET_READERS_STATE from client 12
[36m00500839[0m winscard_svc.c:353:ContextThread() Received command: CMD_GET_READERS_STATE from client 12
[36m00500857[0m winscard_svc.c:353:ContextThread() Received command: CMD_GET_READERS_STATE from client 12
[36m00500678[0m winscard_svc.c:353:ContextThread() Received command: CMD_GET_READERS_STATE from client 12
[36m00500731[0m winscard_svc.c:353:ContextThread() Received command: CMD_GET_READERS_STATE from client 12
[36m00500824[0m winscard_svc.c:353:ContextThread() Received command: CMD_GET_READERS_STATE from client 12
[36m00500787[0m winscard_svc.c:353:ContextThread() Received command: CMD_GET_READERS_STATE from client 12
[36m00500821[0m winscard_svc.c:353:ContextThread() Received command: CMD_GET_READERS_STATE from client 12
[36m00500706[0m winscard_svc.c:353:ContextThread() Received command: CMD_GET_READERS_STATE from client 12
[36m00500774[0m winscard_svc.c:353:ContextThread() Received command: CMD_GET_READERS_STATE from client 12
[36m00500687[0m winscard_svc.c:353:ContextThread() Received command: CMD_GET_READERS_STATE from client 12
[36m00382761[0m winscard_svc.c:353:ContextThread() Received command: TRANSMIT from client 12
[36m00000039[0m readerfactory.c:795:RFReaderInfoById() RefReader() count was: 1
[36m00000008[0m winscard.c:1608:SCardTransmit() Send Protocol: T=1
[36m00000009[0m [34mAPDU: 00 20 00 82 06 31 32 33 34 35 36 [0m
[36m00000008[0m [34mifdhandler.c:1292:IFDHTransmitToICC() usb:1050/0407:libudev:2:/dev/bus/usb/001/008 (lun: 0)[0m
[36m00008754[0m [34mSW: 90 00 [0m
[36m00000022[0m winscard.c:1653:SCardTransmit() UnrefReader() count was: 2
[36m00000021[0m winscard_svc.c:659:ContextThread() TRANSMIT rv=0x0 for client 12
[36m00000047[0m winscard_svc.c:353:ContextThread() Received command: TRANSMIT from client 12
[36m00000015[0m readerfactory.c:795:RFReaderInfoById() RefReader() count was: 1
[36m00000006[0m winscard.c:1608:SCardTransmit() Send Protocol: T=1
[36m00000007[0m [34mAPDU: 00 20 00 81 06 31 32 33 34 35 36 [0m
[36m00000006[0m [34mifdhandler.c:1292:IFDHTransmitToICC() usb:1050/0407:libudev:2:/dev/bus/usb/001/008 (lun: 0)[0m
[36m00008758[0m [34mSW: 90 00 [0m
[36m00000023[0m winscard.c:1653:SCardTransmit() UnrefReader() count was: 2
[36m00000007[0m winscard_svc.c:659:ContextThread() TRANSMIT rv=0x0 for client 12
[36m00000059[0m winscard_svc.c:353:ContextThread() Received command: TRANSMIT from client 12
[36m00000013[0m readerfactory.c:795:RFReaderInfoById() RefReader() count was: 1
[36m00000004[0m winscard.c:1608:SCardTransmit() Send Protocol: T=1
[36m00000027[0m [34mAPDU: 10 2A 80 86 FE 00 23 21 A2 3E CA DA C5 57 7A 9D 79 9E 93 E9 F0 80 49 F1 B1 01 4A D6 DD 27 AF A9 67 B1 77 1F 36 F8 64 FE 87 19 40 93 EF 09 C4 67 F5 CC 54 B9 45 38 5D 22 58 BC 92 61 5C 59 BE 01 66 A8 FC 87 D1 C3 3C 49 83 9D 02 06 E4 1D 9E D1 94 97 DE 18 41 32 6B FF EA 59 5F 37 87 6E 4D F4 C6 A1 99 71 A9 11 56 01 72 FF 98 2E 25 60 E7 68 A4 E2 99 61 6D CF D4 F4 25 56 53 C7 39 C4 57 BC C4 C9 6E E9 DB AD 4D 75 26 AC 72 13 9B 36 C8 FC 43 26 E1 16 56 94 01 A9 06 05 BF 2D 67 A3 68 0C 42 C4 F6 CC C5 61 4E 2C 26 D6 72 D9 C1 EE 17 C8 60 01 79 E9 60 62 22 43 4E C7 8E 4E 70 CD FB C5 59 6B CE 96 4F AB 76 7C 8B EF 45 BB 92 F7 0D 4C 13 A9 3E 1B A1 D0 6E 03 9E B1 63 41 7C 0A 3E 8D 2A 1C 36 19 CF 6D 90 18 83 6C 1A E9 9F C3 B9 0E 0E 4F 93 08 1D 4E 98 D7 B7 34 05 77 BB E9 93 1C 2F 83 59 [0m
[36m00000005[0m [34mifdhandler.c:1292:IFDHTransmitToICC() usb:1050/0407:libudev:2:/dev/bus/usb/001/008 (lun: 0)[0m
[36m00000621[0m [34mSW: 90 00 [0m
[36m00000012[0m winscard.c:1653:SCardTransmit() UnrefReader() count was: 2
[36m00000008[0m winscard_svc.c:659:ContextThread() TRANSMIT rv=0x0 for client 12
[36m00000033[0m winscard_svc.c:353:ContextThread() Received command: TRANSMIT from client 12
[36m00000010[0m readerfactory.c:795:RFReaderInfoById() RefReader() count was: 1
[36m00000004[0m winscard.c:1608:SCardTransmit() Send Protocol: T=1
[36m00000004[0m [34mAPDU: 00 2A 80 86 03 BC CD 1C 00 [0m
[36m00000004[0m [34mifdhandler.c:1292:IFDHTransmitToICC() usb:1050/0407:libudev:2:/dev/bus/usb/001/008 (lun: 0)[0m
[36m01210720[0m [34mSW: 09 72 C0 89 C6 28 B9 13 F3 C6 FE AF BC 9B DA 78 87 AA 84 10 47 F8 91 13 24 70 4E F6 83 1B C4 5B 21 10 E2 90 00 [0m
[36m00000044[0m winscard.c:1653:SCardTransmit() UnrefReader() count was: 2
[36m00000017[0m winscard_svc.c:659:ContextThread() TRANSMIT rv=0x0 for client 12
[36m00000136[0m winscard_svc.c:353:ContextThread() Received command: CMD_GET_READERS_STATE from client 12
[36m00500703[0m winscard_svc.c:353:ContextThread() Received command: CMD_GET_READERS_STATE from client 12
[36m00500762[0m winscard_svc.c:353:ContextThread() Received command: CMD_GET_READERS_STATE from client 12
[36m00500771[0m winscard_svc.c:353:ContextThread() Received command: CMD_GET_READERS_STATE from client 12
[36m00500770[0m winscard_svc.c:353:ContextThread() Received command: CMD_GET_READERS_STATE from client 12
[36m00500741[0m winscard_svc.c:353:ContextThread() Received command: CMD_GET_READERS_STATE from client 12
[36m00500723[0m winscard_svc.c:353:ContextThread() Received command: CMD_GET_READERS_STATE from client 12
[36m00500735[0m winscard_svc.c:353:ContextThread() Received command: CMD_GET_READERS_STATE from client 12
[36m00500679[0m winscard_svc.c:353:ContextThread() Received command: CMD_GET_READERS_STATE from client 12
[36m00500666[0m winscard_svc.c:353:ContextThread() Received command: CMD_GET_READERS_STATE from client 12
[36m00500663[0m winscard_svc.c:353:ContextThread() Received command: CMD_GET_READERS_STATE from client 12
[36m00500658[0m winscard_svc.c:353:ContextThread() Received command: CMD_GET_READERS_STATE from client 12
[36m00500703[0m winscard_svc.c:353:ContextThread() Received command: CMD_GET_READERS_STATE from client 12
[36m00500739[0m winscard_svc.c:353:ContextThread() Received command: CMD_GET_READERS_STATE from client 12
[36m00500745[0m winscard_svc.c:353:ContextThread() Received command: CMD_GET_READERS_STATE from client 12
[36m00500739[0m winscard_svc.c:353:ContextThread() Received command: CMD_GET_READERS_STATE from client 12
[36m00500670[0m winscard_svc.c:353:ContextThread() Received command: CMD_GET_READERS_STATE from client 12
[36m00500674[0m winscard_svc.c:353:ContextThread() Received command: CMD_GET_READERS_STATE from client 12
[36m00500705[0m winscard_svc.c:353:ContextThread() Received command: CMD_GET_READERS_STATE from client 12
[36m00500688[0m winscard_svc.c:353:ContextThread() Received command: CMD_GET_READERS_STATE from client 12
[36m00500716[0m winscard_svc.c:353:ContextThread() Received command: CMD_GET_READERS_STATE from client 12
[36m00500759[0m winscard_svc.c:353:ContextThread() Received command: CMD_GET_READERS_STATE from client 12
[36m00500376[0m winscard_svc.c:353:ContextThread() Received command: CMD_GET_READERS_STATE from client 12
[36m00500716[0m winscard_svc.c:353:ContextThread() Received command: CMD_GET_READERS_STATE from client 12
[36m00500793[0m winscard_svc.c:353:ContextThread() Received command: CMD_GET_READERS_STATE from client 12
[36m00500798[0m winscard_svc.c:353:ContextThread() Received command: CMD_GET_READERS_STATE from client 12
[36m00500754[0m winscard_svc.c:353:ContextThread() Received command: CMD_GET_READERS_STATE from client 12
[36m00500779[0m winscard_svc.c:353:ContextThread() Received command: CMD_GET_READERS_STATE from client 12
[36m00500794[0m winscard_svc.c:353:ContextThread() Received command: CMD_GET_READERS_STATE from client 12
[36m00500751[0m winscard_svc.c:353:ContextThread() Received command: CMD_GET_READERS_STATE from client 12
[36m00500812[0m winscard_svc.c:353:ContextThread() Received command: CMD_GET_READERS_STATE from client 12
[36m00500787[0m winscard_svc.c:353:ContextThread() Received command: CMD_GET_READERS_STATE from client 12
[36m00500740[0m winscard_svc.c:353:ContextThread() Received command: CMD_GET_READERS_STATE from client 12
[36m00500788[0m winscard_svc.c:353:ContextThread() Received command: CMD_GET_READERS_STATE from client 12
[36m00500707[0m winscard_svc.c:353:ContextThread() Received command: CMD_GET_READERS_STATE from client 12
[36m00500765[0m winscard_svc.c:353:ContextThread() Received command: CMD_GET_READERS_STATE from client 12
[36m00500823[0m winscard_svc.c:353:ContextThread() Received command: CMD_GET_READERS_STATE from client 12
[36m00500699[0m winscard_svc.c:353:ContextThread() Received command: CMD_GET_READERS_STATE from client 12
[36m00500789[0m winscard_svc.c:353:ContextThread() Received command: CMD_GET_READERS_STATE from client 12
[36m00500770[0m winscard_svc.c:353:ContextThread() Received command: CMD_GET_READERS_STATE from client 12
[36m00500803[0m winscard_svc.c:353:ContextThread() Received command: CMD_GET_READERS_STATE from client 12
[36m00500787[0m winscard_svc.c:353:ContextThread() Received command: CMD_GET_READERS_STATE from client 12
[36m00500729[0m winscard_svc.c:353:ContextThread() Received command: CMD_GET_READERS_STATE from client 12
[36m00500788[0m winscard_svc.c:353:ContextThread() Received command: CMD_GET_READERS_STATE from client 12
[36m00500843[0m winscard_svc.c:353:ContextThread() Received command: CMD_GET_READERS_STATE from client 12
[36m00500798[0m winscard_svc.c:353:ContextThread() Received command: CMD_GET_READERS_STATE from client 12
[36m00500822[0m winscard_svc.c:353:ContextThread() Received command: CMD_GET_READERS_STATE from client 12
[36m00500872[0m winscard_svc.c:353:ContextThread() Received command: CMD_GET_READERS_STATE from client 12
[36m00500830[0m winscard_svc.c:353:ContextThread() Received command: CMD_GET_READERS_STATE from client 12
[36m00500745[0m winscard_svc.c:353:ContextThread() Received command: CMD_GET_READERS_STATE from client 12
[36m00500805[0m winscard_svc.c:353:ContextThread() Received command: CMD_GET_READERS_STATE from client 12
[36m00500855[0m winscard_svc.c:353:ContextThread() Received command: CMD_GET_READERS_STATE from client 12
[36m00500846[0m winscard_svc.c:353:ContextThread() Received command: CMD_GET_READERS_STATE from client 12
[36m00500789[0m winscard_svc.c:353:ContextThread() Received command: CMD_GET_READERS_STATE from client 12
[36m00500833[0m winscard_svc.c:353:ContextThread() Received command: CMD_GET_READERS_STATE from client 12
[36m00500740[0m winscard_svc.c:353:ContextThread() Received command: CMD_GET_READERS_STATE from client 12
[36m00500804[0m winscard_svc.c:353:ContextThread() Received command: CMD_GET_READERS_STATE from client 12
[36m00500730[0m winscard_svc.c:353:ContextThread() Received command: CMD_GET_READERS_STATE from client 12
[36m00500639[0m winscard_svc.c:353:ContextThread() Received command: CMD_GET_READERS_STATE from client 12
[36m00500845[0m winscard_svc.c:353:ContextThread() Received command: CMD_GET_READERS_STATE from client 12
[36m00500840[0m winscard_svc.c:353:ContextThread() Received command: CMD_GET_READERS_STATE from client 12
[36m00500799[0m winscard_svc.c:353:ContextThread() Received command: CMD_GET_READERS_STATE from client 12
[36m00500746[0m winscard_svc.c:353:ContextThread() Received command: CMD_GET_READERS_STATE from client 12
[36m00500800[0m winscard_svc.c:353:ContextThread() Received command: CMD_GET_READERS_STATE from client 12
[36m00500783[0m winscard_svc.c:353:ContextThread() Received command: CMD_GET_READERS_STATE from client 12
[36m00500770[0m winscard_svc.c:353:ContextThread() Received command: CMD_GET_READERS_STATE from client 12
[36m00500792[0m winscard_svc.c:353:ContextThread() Received command: CMD_GET_READERS_STATE from client 12
[36m00500757[0m winscard_svc.c:353:ContextThread() Received command: CMD_GET_READERS_STATE from client 12
[36m00500776[0m winscard_svc.c:353:ContextThread() Received command: CMD_GET_READERS_STATE from client 12
[36m00500823[0m winscard_svc.c:353:ContextThread() Received command: CMD_GET_READERS_STATE from client 12
[36m00500783[0m winscard_svc.c:353:ContextThread() Received command: CMD_GET_READERS_STATE from client 12
[36m00500769[0m winscard_svc.c:353:ContextThread() Received command: CMD_GET_READERS_STATE from client 12
